Using pre-set license
Built from '2020.3/staging' branch; Version is '2020.3.0f1 (c7b5465681fb) revision 13088070'; Using compiler version '192528614'; Build Type 'Release'
OS: 'Windows 10 Pro; OS build 19042.867; Version 2009; 64bit' Language: 'en' Physical Memory: 8064 MB
BatchMode: 1, IsHumanControllingUs: 0, StartBugReporterOnCrash: 0, Is64bit: 1, IsPro: 0

 COMMAND LINE ARGUMENTS:
C:\Program Files\Unity\Hub\Editor\2020.3.0f1\Editor\Unity.exe
-adb2
-batchMode
-noUpm
-name
AssetImportWorker0
-projectPath
C:/Users/Hashir Sarwar/Desktop/Crashteroids/Crashteroids Final
-logFile
Logs/AssetImportWorker0.log
-srvPort
62898
Successfully changed project path to: C:/Users/Hashir Sarwar/Desktop/Crashteroids/Crashteroids Final
C:/Users/Hashir Sarwar/Desktop/Crashteroids/Crashteroids Final
Using Asset Import Pipeline V2.
